0 info it worked if it ends with ok
1 verbose cli [ 'node', '/usr/local/bin/npm', 'publish' ]
2 info using npm@2.7.5
3 info using node@v0.12.2
4 verbose node symlink /usr/local/bin/node
5 verbose publish [ '.' ]
6 silly cache add args [ '.', null ]
7 verbose cache add spec .
8 silly cache add parsed spec { raw: '.',
8 silly cache add   scope: null,
8 silly cache add   name: null,
8 silly cache add   rawSpec: '.',
8 silly cache add   spec: '/Users/jasghar/repo/hubot-victory',
8 silly cache add   type: 'directory' }
9 verbose addLocalDirectory /Users/jasghar/.npm/hubot-victory/1.3.0/package.tgz not in flight; packing
10 verbose tar pack [ '/Users/jasghar/.npm/hubot-victory/1.3.0/package.tgz',
10 verbose tar pack   '/Users/jasghar/repo/hubot-victory' ]
11 verbose tarball /Users/jasghar/.npm/hubot-victory/1.3.0/package.tgz
12 verbose folder /Users/jasghar/repo/hubot-victory
13 info prepublish hubot-victory@1.3.0
14 verbose addLocalTarball adding from inside cache /Users/jasghar/.npm/hubot-victory/1.3.0/package.tgz
15 silly cache afterAdd hubot-victory@1.3.0
16 verbose afterAdd /Users/jasghar/.npm/hubot-victory/1.3.0/package/package.json not in flight; writing
17 verbose afterAdd /Users/jasghar/.npm/hubot-victory/1.3.0/package/package.json written
18 silly publish { name: 'hubot-victory',
18 silly publish   description: 'A hubot script to show victorious images',
18 silly publish   version: '1.3.0',
18 silly publish   author: { name: 'JJ Asghar', email: 'jjasghar@gmail.com' },
18 silly publish   license: 'MIT',
18 silly publish   keywords: [ 'hubot', 'hubot-scripts' ],
18 silly publish   repository:
18 silly publish    { type: 'git',
18 silly publish      url: 'git@github.com:hubot-scripts/hubot-victory.git' },
18 silly publish   bugs: { url: 'https://github.com/hubot-scripts/hubot-victory/issues' },
18 silly publish   dependencies: { 'coffee-script': '~1.6' },
18 silly publish   devDependencies: { mocha: '*', chai: '*', 'sinon-chai': '*', sinon: '*' },
18 silly publish   main: 'index.coffee',
18 silly publish   scripts: { test: 'script/test' },
18 silly publish   readme: '# Hubot: hubot-victory\n\n[![Build Status](https://travis-ci.org/jjasghar/hubot-victory.png?branch=master)](https://travis-ci.org/jjasghar/hubot-victory)\n\nA victorious Image Generator for Hubots.\n\nSee [`src/victory.coffee`](src/victory.coffee) for full documentation.\n\n## Installation\n\nAdd **hubot-victory** to your `package.json` file:\n\n```json\n"dependencies": {\n  "hubot": ">= 2.5.1",\n  "hubot-scripts": ">= 2.4.2",\n  "hubot-victory": ">= 0.0.0"\n}\n```\n\nAdd **hubot-victory** to your `external-scripts.json`:\n\n```json\n["hubot-victory"]\n```\n\nRun `npm install hubot-victory`\n\n## Sample Interaction\n\n```\nuser1>> victory!\nhubot>> http://rack.3.mshcdn.com/media/ZgkyMDEzLzA4LzA1L2U1L2NvbGJlcnRyZXBvLjVjNmYxLmdpZgpwCXRodW1\niCTg1MHg1OTA-CmUJanBn/710824a0/764/colbert-report.jpg\n```\n',
18 silly publish   readmeFilename: 'README.md',
18 silly publish   gitHead: '9883aa014db6daee9c03ddf0e809c7c5220d3f4e',
18 silly publish   homepage: 'https://github.com/hubot-scripts/hubot-victory',
18 silly publish   _id: 'hubot-victory@1.3.0',
18 silly publish   _shasum: '37cfc0548145cc2071adb83ea35f79b2b28b14bd',
18 silly publish   _from: '.' }
19 silly mapToRegistry name hubot-victory
20 silly mapToRegistry using default registry
21 silly mapToRegistry registry https://registry.npmjs.org/
22 silly mapToRegistry uri https://registry.npmjs.org/hubot-victory
23 verbose publish registryBase https://registry.npmjs.org/
24 silly publish uploading /Users/jasghar/.npm/hubot-victory/1.3.0/package.tgz
25 verbose request uri https://registry.npmjs.org/hubot-victory
26 verbose request sending authorization for write operation
27 info attempt registry request try #1 at 16:01:51
28 verbose request id 727239a66e8b4a33
29 http request PUT https://registry.npmjs.org/hubot-victory
30 http 403 https://registry.npmjs.org/hubot-victory
31 verbose headers { 'content-type': 'application/json',
31 verbose headers   'cache-control': 'max-age=60',
31 verbose headers   'content-length': '95',
31 verbose headers   'accept-ranges': 'bytes',
31 verbose headers   date: 'Wed, 11 Nov 2015 22:01:52 GMT',
31 verbose headers   via: '1.1 varnish',
31 verbose headers   connection: 'keep-alive',
31 verbose headers   'x-served-by': 'cache-dfw1835-DFW',
31 verbose headers   'x-cache': 'MISS',
31 verbose headers   'x-cache-hits': '0',
31 verbose headers   'x-timer': 'S1447279311.630366,VS0,VE1210' }
32 verbose request invalidating /Users/jasghar/.npm/registry.npmjs.org/hubot-victory on PUT
33 error publish Failed PUT 403
34 verbose stack Error: "You cannot publish over the previously published version 1.3.0." : hubot-victory
34 verbose stack     at CachingRegistryClient.<anonymous> (/usr/local/lib/node_modules/npm/node_modules/npm-registry-client/lib/request.js:247:14)
34 verbose stack     at Request._callback (/usr/local/lib/node_modules/npm/node_modules/npm-registry-client/lib/request.js:170:14)
34 verbose stack     at Request.self.callback (/usr/local/lib/node_modules/npm/node_modules/request/request.js:360:22)
34 verbose stack     at Request.emit (events.js:110:17)
34 verbose stack     at Request.<anonymous> (/usr/local/lib/node_modules/npm/node_modules/request/request.js:1202:14)
34 verbose stack     at Request.emit (events.js:129:20)
34 verbose stack     at IncomingMessage.<anonymous> (/usr/local/lib/node_modules/npm/node_modules/request/request.js:1150:12)
34 verbose stack     at IncomingMessage.emit (events.js:129:20)
34 verbose stack     at _stream_readable.js:908:16
34 verbose stack     at process._tickCallback (node.js:355:11)
35 verbose statusCode 403
36 verbose pkgid hubot-victory
37 verbose cwd /Users/jasghar/repo/hubot-victory
38 error Darwin 15.0.0
39 error argv "node" "/usr/local/bin/npm" "publish"
40 error node v0.12.2
41 error npm  v2.7.5
42 error code E403
43 error "You cannot publish over the previously published version 1.3.0." : hubot-victory
44 error If you need help, you may report this error at:
44 error     <https://github.com/npm/npm/issues>
45 verbose exit [ 1, true ]
